{"D:\\ReactProjects\\namaste-react\\Lecture 13 - Time for the test\\src\\components\\Body.js": {"path":"D:\\ReactProjects\\namaste-react\\Lecture 13 - Time for the test\\src\\components\\Body.js","statementMap":{"0":{"start":{"line":10,"column":13},"end":{"line":115,"column":1}},"1":{"start":{"line":11,"column":52},"end":{"line":11,"column":64}},"2":{"start":{"line":12,"column":57},"end":{"line":12,"column":69}},"3":{"start":{"line":13,"column":38},"end":{"line":13,"column":50}},"4":{"start":{"line":15,"column":40},"end":{"line":15,"column":63}},"5":{"start":{"line":17,"column":33},"end":{"line":17,"column":66}},"6":{"start":{"line":19,"column":2},"end":{"line":21,"column":9}},"7":{"start":{"line":20,"column":4},"end":{"line":20,"column":16}},"8":{"start":{"line":23,"column":20},"end":{"line":34,"column":3}},"9":{"start":{"line":24,"column":17},"end":{"line":24,"column":45}},"10":{"start":{"line":25,"column":17},"end":{"line":25,"column":34}},"11":{"start":{"line":28,"column":4},"end":{"line":30,"column":6}},"12":{"start":{"line":31,"column":4},"end":{"line":33,"column":6}},"13":{"start":{"line":36,"column":23},"end":{"line":36,"column":40}},"14":{"start":{"line":37,"column":2},"end":{"line":41,"column":3}},"15":{"start":{"line":38,"column":4},"end":{"line":40,"column":6}},"16":{"start":{"line":43,"column":2},"end":{"line":45,"column":3}},"17":{"start":{"line":44,"column":4},"end":{"line":44,"column":23}},"18":{"start":{"line":47,"column":2},"end":{"line":114,"column":4}},"19":{"start":{"line":57,"column":14},"end":{"line":57,"column":44}},"20":{"start":{"line":63,"column":43},"end":{"line":67,"column":16}},"21":{"start":{"line":64,"column":16},"end":{"line":66,"column":54}},"22":{"start":{"line":68,"column":14},"end":{"line":68,"column":59}},"23":{"start":{"line":79,"column":35},"end":{"line":81,"column":15}},"24":{"start":{"line":80,"column":25},"end":{"line":80,"column":47}},"25":{"start":{"line":83,"column":14},"end":{"line":83,"column":51}},"26":{"start":{"line":101,"column":10},"end":{"line":110,"column":17}}},"fnMap":{"0":{"name":"(anonymous_0)","decl":{"start":{"line":10,"column":13},"end":{"line":10,"column":14}},"loc":{"start":{"line":10,"column":19},"end":{"line":115,"column":1}},"line":10},"1":{"name":"(anonymous_1)","decl":{"start":{"line":19,"column":12},"end":{"line":19,"column":13}},"loc":{"start":{"line":19,"column":18},"end":{"line":21,"column":3}},"line":19},"2":{"name":"(anonymous_2)","decl":{"start":{"line":23,"column":20},"end":{"line":23,"column":21}},"loc":{"start":{"line":23,"column":32},"end":{"line":34,"column":3}},"line":23},"3":{"name":"(anonymous_3)","decl":{"start":{"line":56,"column":22},"end":{"line":56,"column":23}},"loc":{"start":{"line":56,"column":29},"end":{"line":58,"column":13}},"line":56},"4":{"name":"(anonymous_4)","decl":{"start":{"line":62,"column":21},"end":{"line":62,"column":22}},"loc":{"start":{"line":62,"column":27},"end":{"line":69,"column":13}},"line":62},"5":{"name":"(anonymous_5)","decl":{"start":{"line":63,"column":68},"end":{"line":63,"column":69}},"loc":{"start":{"line":63,"column":77},"end":{"line":67,"column":15}},"line":63},"6":{"name":"(anonymous_6)","decl":{"start":{"line":78,"column":21},"end":{"line":78,"column":22}},"loc":{"start":{"line":78,"column":27},"end":{"line":84,"column":13}},"line":78},"7":{"name":"(anonymous_7)","decl":{"start":{"line":80,"column":16},"end":{"line":80,"column":17}},"loc":{"start":{"line":80,"column":25},"end":{"line":80,"column":47}},"line":80},"8":{"name":"(anonymous_8)","decl":{"start":{"line":100,"column":34},"end":{"line":100,"column":35}},"loc":{"start":{"line":101,"column":10},"end":{"line":110,"column":17}},"line":101}},"branchMap":{"0":{"loc":{"start":{"line":37,"column":2},"end":{"line":41,"column":3}},"type":"if","locations":[{"start":{"line":37,"column":2},"end":{"line":41,"column":3}},{"start":{},"end":{}}],"line":37},"1":{"loc":{"start":{"line":43,"column":2},"end":{"line":45,"column":3}},"type":"if","locations":[{"start":{"line":43,"column":2},"end":{"line":45,"column":3}},{"start":{},"end":{}}],"line":43},"2":{"loc":{"start":{"line":43,"column":6},"end":{"line":43,"column":63}},"type":"binary-expr","locations":[{"start":{"line":43,"column":6},"end":{"line":43,"column":26}},{"start":{"line":43,"column":30},"end":{"line":43,"column":63}}],"line":43},"3":{"loc":{"start":{"line":105,"column":13},"end":{"line":109,"column":13}},"type":"cond-expr","locations":[{"start":{"line":106,"column":14},"end":{"line":106,"column":67}},{"start":{"line":108,"column":14},"end":{"line":108,"column":59}}],"line":105}},"s":{"0":1,"1":7,"2":7,"3":7,"4":7,"5":7,"6":7,"7":2,"8":7,"9":2,"10":2,"11":2,"12":2,"13":7,"14":7,"15":0,"16":7,"17":2,"18":5,"19":1,"20":1,"21":9,"22":1,"23":1,"24":9,"25":1,"26":32},"f":{"0":7,"1":2,"2":2,"3":1,"4":1,"5":9,"6":1,"7":9,"8":32},"b":{"0":[0,7],"1":[2,5],"2":[7,7],"3":[23,9]},"_coverageSchema":"1a1c01bbd47fc00a2c39e90264f33305004495a9","hash":"06ce980f0c491eddc7291eb9d2582e82c6146b27"}
,"D:\\ReactProjects\\namaste-react\\Lecture 13 - Time for the test\\src\\components\\Cart.js": {"path":"D:\\ReactProjects\\namaste-react\\Lecture 13 - Time for the test\\src\\components\\Cart.js","statementMap":{"0":{"start":{"line":5,"column":13},"end":{"line":28,"column":1}},"1":{"start":{"line":6,"column":20},"end":{"line":6,"column":60}},"2":{"start":{"line":6,"column":43},"end":{"line":6,"column":59}},"3":{"start":{"line":7,"column":19},"end":{"line":7,"column":32}},"4":{"start":{"line":8,"column":26},"end":{"line":10,"column":3}},"5":{"start":{"line":9,"column":4},"end":{"line":9,"column":26}},"6":{"start":{"line":11,"column":2},"end":{"line":27,"column":4}}},"fnMap":{"0":{"name":"(anonymous_0)","decl":{"start":{"line":5,"column":13},"end":{"line":5,"column":14}},"loc":{"start":{"line":5,"column":19},"end":{"line":28,"column":1}},"line":5},"1":{"name":"(anonymous_1)","decl":{"start":{"line":6,"column":32},"end":{"line":6,"column":33}},"loc":{"start":{"line":6,"column":43},"end":{"line":6,"column":59}},"line":6},"2":{"name":"(anonymous_2)","decl":{"start":{"line":8,"column":26},"end":{"line":8,"column":27}},"loc":{"start":{"line":8,"column":32},"end":{"line":10,"column":3}},"line":8}},"branchMap":{"0":{"loc":{"start":{"line":21,"column":9},"end":{"line":23,"column":9}},"type":"binary-expr","locations":[{"start":{"line":21,"column":9},"end":{"line":21,"column":31}},{"start":{"line":22,"column":10},"end":{"line":22,"column":63}}],"line":21}},"s":{"0":1,"1":4,"2":8,"3":4,"4":4,"5":1,"6":4},"f":{"0":4,"1":8,"2":1},"b":{"0":[4,2]},"_coverageSchema":"1a1c01bbd47fc00a2c39e90264f33305004495a9","hash":"4973f235a0aa780447eb57faf9c12d605e88a3f7"}
,"D:\\ReactProjects\\namaste-react\\Lecture 13 - Time for the test\\src\\components\\Contact.js": {"path":"D:\\ReactProjects\\namaste-react\\Lecture 13 - Time for the test\\src\\components\\Contact.js","statementMap":{"0":{"start":{"line":3,"column":16},"end":{"line":24,"column":1}},"1":{"start":{"line":4,"column":2},"end":{"line":23,"column":4}}},"fnMap":{"0":{"name":"(anonymous_0)","decl":{"start":{"line":3,"column":16},"end":{"line":3,"column":17}},"loc":{"start":{"line":3,"column":22},"end":{"line":24,"column":1}},"line":3}},"branchMap":{},"s":{"0":1,"1":4},"f":{"0":4},"b":{},"_coverageSchema":"1a1c01bbd47fc00a2c39e90264f33305004495a9","hash":"c97b99049c4df4b506b55d624ff1394861491b1b"}
,"D:\\ReactProjects\\namaste-react\\Lecture 13 - Time for the test\\src\\components\\Header.js": {"path":"D:\\ReactProjects\\namaste-react\\Lecture 13 - Time for the test\\src\\components\\Header.js","statementMap":{"0":{"start":{"line":8,"column":22},"end":{"line":62,"column":1}},"1":{"start":{"line":9,"column":32},"end":{"line":9,"column":49}},"2":{"start":{"line":11,"column":23},"end":{"line":11,"column":40}},"3":{"start":{"line":13,"column":27},"end":{"line":13,"column":50}},"4":{"start":{"line":17,"column":20},"end":{"line":17,"column":60}},"5":{"start":{"line":17,"column":43},"end":{"line":17,"column":59}},"6":{"start":{"line":18,"column":2},"end":{"line":18,"column":25}},"7":{"start":{"line":20,"column":2},"end":{"line":61,"column":4}},"8":{"start":{"line":52,"column":14},"end":{"line":52,"column":79}}},"fnMap":{"0":{"name":"(anonymous_0)","decl":{"start":{"line":8,"column":22},"end":{"line":8,"column":23}},"loc":{"start":{"line":8,"column":28},"end":{"line":62,"column":1}},"line":8},"1":{"name":"(anonymous_1)","decl":{"start":{"line":17,"column":32},"end":{"line":17,"column":33}},"loc":{"start":{"line":17,"column":43},"end":{"line":17,"column":59}},"line":17},"2":{"name":"(anonymous_2)","decl":{"start":{"line":50,"column":21},"end":{"line":50,"column":22}},"loc":{"start":{"line":50,"column":27},"end":{"line":53,"column":13}},"line":50}},"branchMap":{"0":{"loc":{"start":{"line":30,"column":25},"end":{"line":30,"column":74}},"type":"cond-expr","locations":[{"start":{"line":30,"column":40},"end":{"line":30,"column":55}},{"start":{"line":30,"column":58},"end":{"line":30,"column":74}}],"line":30},"1":{"loc":{"start":{"line":52,"column":14},"end":{"line":52,"column":78}},"type":"cond-expr","locations":[{"start":{"line":52,"column":36},"end":{"line":52,"column":56}},{"start":{"line":52,"column":59},"end":{"line":52,"column":78}}],"line":52}},"s":{"0":1,"1":4,"2":4,"3":4,"4":4,"5":8,"6":4,"7":4,"8":0},"f":{"0":4,"1":8,"2":0},"b":{"0":[4,0],"1":[0,0]},"_coverageSchema":"1a1c01bbd47fc00a2c39e90264f33305004495a9","hash":"851b207873a680c5d469da2609ca1056fab11afb"}
,"D:\\ReactProjects\\namaste-react\\Lecture 13 - Time for the test\\src\\components\\ItemList.js": {"path":"D:\\ReactProjects\\namaste-react\\Lecture 13 - Time for the test\\src\\components\\ItemList.js","statementMap":{"0":{"start":{"line":5,"column":17},"end":{"line":47,"column":1}},"1":{"start":{"line":6,"column":19},"end":{"line":6,"column":32}},"2":{"start":{"line":8,"column":24},"end":{"line":11,"column":3}},"3":{"start":{"line":10,"column":4},"end":{"line":10,"column":28}},"4":{"start":{"line":12,"column":2},"end":{"line":46,"column":4}},"5":{"start":{"line":15,"column":8},"end":{"line":43,"column":14}},"6":{"start":{"line":35,"column":31},"end":{"line":35,"column":50}}},"fnMap":{"0":{"name":"(anonymous_0)","decl":{"start":{"line":5,"column":17},"end":{"line":5,"column":18}},"loc":{"start":{"line":5,"column":32},"end":{"line":47,"column":1}},"line":5},"1":{"name":"(anonymous_1)","decl":{"start":{"line":8,"column":24},"end":{"line":8,"column":25}},"loc":{"start":{"line":8,"column":34},"end":{"line":11,"column":3}},"line":8},"2":{"name":"(anonymous_2)","decl":{"start":{"line":14,"column":17},"end":{"line":14,"column":18}},"loc":{"start":{"line":15,"column":8},"end":{"line":43,"column":14}},"line":15},"3":{"name":"(anonymous_3)","decl":{"start":{"line":35,"column":25},"end":{"line":35,"column":26}},"loc":{"start":{"line":35,"column":31},"end":{"line":35,"column":50}},"line":35}},"branchMap":{"0":{"loc":{"start":{"line":25,"column":17},"end":{"line":26,"column":54}},"type":"binary-expr","locations":[{"start":{"line":25,"column":17},"end":{"line":25,"column":46}},{"start":{"line":26,"column":18},"end":{"line":26,"column":54}}],"line":25}},"s":{"0":1,"1":5,"2":5,"3":2,"4":5,"5":21,"6":2},"f":{"0":5,"1":2,"2":21,"3":2},"b":{"0":[21,0]},"_coverageSchema":"1a1c01bbd47fc00a2c39e90264f33305004495a9","hash":"9e702334542198706b5b314d316e0f98b3f5b39e"}
,"D:\\ReactProjects\\namaste-react\\Lecture 13 - Time for the test\\src\\components\\RestaurantCard.js": {"path":"D:\\ReactProjects\\namaste-react\\Lecture 13 - Time for the test\\src\\components\\RestaurantCard.js","statementMap":{"0":{"start":{"line":3,"column":23},"end":{"line":20,"column":1}},"1":{"start":{"line":4,"column":22},"end":{"line":4,"column":27}},"2":{"start":{"line":7,"column":4},"end":{"line":7,"column":11}},"3":{"start":{"line":9,"column":2},"end":{"line":19,"column":4}},"4":{"start":{"line":25,"column":33},"end":{"line":37,"column":1}},"5":{"start":{"line":26,"column":2},"end":{"line":36,"column":4}},"6":{"start":{"line":28,"column":4},"end":{"line":35,"column":6}}},"fnMap":{"0":{"name":"(anonymous_0)","decl":{"start":{"line":3,"column":23},"end":{"line":3,"column":24}},"loc":{"start":{"line":3,"column":34},"end":{"line":20,"column":1}},"line":3},"1":{"name":"(anonymous_1)","decl":{"start":{"line":25,"column":33},"end":{"line":25,"column":34}},"loc":{"start":{"line":25,"column":53},"end":{"line":37,"column":1}},"line":25},"2":{"name":"(anonymous_2)","decl":{"start":{"line":26,"column":9},"end":{"line":26,"column":10}},"loc":{"start":{"line":26,"column":20},"end":{"line":36,"column":3}},"line":26}},"branchMap":{},"s":{"0":2,"1":33,"2":33,"3":33,"4":2,"5":7,"6":23},"f":{"0":33,"1":7,"2":23},"b":{},"_coverageSchema":"1a1c01bbd47fc00a2c39e90264f33305004495a9","hash":"76f5bdd67edcc3d8db1a2a9e56437b7892f4d652"}
,"D:\\ReactProjects\\namaste-react\\Lecture 13 - Time for the test\\src\\components\\RestaurantMenu.js": {"path":"D:\\ReactProjects\\namaste-react\\Lecture 13 - Time for the test\\src\\components\\RestaurantMenu.js","statementMap":{"0":{"start":{"line":7,"column":23},"end":{"line":43,"column":1}},"1":{"start":{"line":8,"column":20},"end":{"line":8,"column":31}},"2":{"start":{"line":10,"column":18},"end":{"line":10,"column":42}},"3":{"start":{"line":11,"column":36},"end":{"line":11,"column":50}},"4":{"start":{"line":12,"column":2},"end":{"line":12,"column":43}},"5":{"start":{"line":12,"column":24},"end":{"line":12,"column":43}},"6":{"start":{"line":15,"column":4},"end":{"line":15,"column":39}},"7":{"start":{"line":18,"column":4},"end":{"line":18,"column":79}},"8":{"start":{"line":21,"column":4},"end":{"line":25,"column":5}},"9":{"start":{"line":23,"column":8},"end":{"line":24,"column":70}},"10":{"start":{"line":27,"column":2},"end":{"line":42,"column":4}},"11":{"start":{"line":34,"column":8},"end":{"line":39,"column":10}},"12":{"start":{"line":38,"column":30},"end":{"line":38,"column":78}}},"fnMap":{"0":{"name":"(anonymous_0)","decl":{"start":{"line":7,"column":23},"end":{"line":7,"column":24}},"loc":{"start":{"line":7,"column":29},"end":{"line":43,"column":1}},"line":7},"1":{"name":"(anonymous_1)","decl":{"start":{"line":22,"column":6},"end":{"line":22,"column":7}},"loc":{"start":{"line":23,"column":8},"end":{"line":24,"column":70}},"line":23},"2":{"name":"(anonymous_2)","decl":{"start":{"line":33,"column":22},"end":{"line":33,"column":23}},"loc":{"start":{"line":34,"column":8},"end":{"line":39,"column":10}},"line":34},"3":{"name":"(anonymous_3)","decl":{"start":{"line":38,"column":24},"end":{"line":38,"column":25}},"loc":{"start":{"line":38,"column":30},"end":{"line":38,"column":78}},"line":38}},"branchMap":{"0":{"loc":{"start":{"line":12,"column":2},"end":{"line":12,"column":43}},"type":"if","locations":[{"start":{"line":12,"column":2},"end":{"line":12,"column":43}},{"start":{},"end":{}}],"line":12},"1":{"loc":{"start":{"line":37,"column":21},"end":{"line":37,"column":55}},"type":"cond-expr","locations":[{"start":{"line":37,"column":43},"end":{"line":37,"column":47}},{"start":{"line":37,"column":50},"end":{"line":37,"column":55}}],"line":37},"2":{"loc":{"start":{"line":38,"column":43},"end":{"line":38,"column":77}},"type":"cond-expr","locations":[{"start":{"line":38,"column":65},"end":{"line":38,"column":69}},{"start":{"line":38,"column":72},"end":{"line":38,"column":77}}],"line":38}},"s":{"0":1,"1":3,"2":3,"3":3,"4":3,"5":1,"6":2,"7":2,"8":2,"9":24,"10":2,"11":16,"12":1},"f":{"0":3,"1":24,"2":16,"3":1},"b":{"0":[1,2],"1":[1,15],"2":[0,1]},"_coverageSchema":"1a1c01bbd47fc00a2c39e90264f33305004495a9","hash":"07c29c2c62f1ebeaa57de3d5f9e3687fbd8b425a"}
,"D:\\ReactProjects\\namaste-react\\Lecture 13 - Time for the test\\src\\components\\utils\\appStore.js": {"path":"D:\\ReactProjects\\namaste-react\\Lecture 13 - Time for the test\\src\\components\\utils\\appStore.js","statementMap":{"0":{"start":{"line":4,"column":17},"end":{"line":8,"column":2}}},"fnMap":{},"branchMap":{},"s":{"0":1},"f":{},"b":{},"_coverageSchema":"1a1c01bbd47fc00a2c39e90264f33305004495a9","hash":"397e04b33cf630c0606d192b402800fb72ecaad7"}
}
