{"D:\\ReactProjects\\namaste-react\\Lecture 13 - Time for the test\\src\\components\\Contact.js": {"path":"D:\\ReactProjects\\namaste-react\\Lecture 13 - Time for the test\\src\\components\\Contact.js","statementMap":{"0":{"start":{"line":3,"column":16},"end":{"line":24,"column":1}},"1":{"start":{"line":4,"column":2},"end":{"line":23,"column":4}}},"fnMap":{"0":{"name":"(anonymous_0)","decl":{"start":{"line":3,"column":16},"end":{"line":3,"column":17}},"loc":{"start":{"line":3,"column":22},"end":{"line":24,"column":1}},"line":3}},"branchMap":{},"s":{"0":1,"1":4},"f":{"0":4},"b":{},"_coverageSchema":"1a1c01bbd47fc00a2c39e90264f33305004495a9","hash":"c97b99049c4df4b506b55d624ff1394861491b1b"}
,"D:\\ReactProjects\\namaste-react\\Lecture 13 - Time for the test\\src\\components\\Header.js": {"path":"D:\\ReactProjects\\namaste-react\\Lecture 13 - Time for the test\\src\\components\\Header.js","statementMap":{"0":{"start":{"line":8,"column":22},"end":{"line":62,"column":1}},"1":{"start":{"line":9,"column":32},"end":{"line":9,"column":49}},"2":{"start":{"line":11,"column":23},"end":{"line":11,"column":40}},"3":{"start":{"line":13,"column":27},"end":{"line":13,"column":50}},"4":{"start":{"line":17,"column":20},"end":{"line":17,"column":60}},"5":{"start":{"line":17,"column":43},"end":{"line":17,"column":59}},"6":{"start":{"line":18,"column":2},"end":{"line":18,"column":25}},"7":{"start":{"line":20,"column":2},"end":{"line":61,"column":4}},"8":{"start":{"line":52,"column":14},"end":{"line":52,"column":79}}},"fnMap":{"0":{"name":"(anonymous_0)","decl":{"start":{"line":8,"column":22},"end":{"line":8,"column":23}},"loc":{"start":{"line":8,"column":28},"end":{"line":62,"column":1}},"line":8},"1":{"name":"(anonymous_1)","decl":{"start":{"line":17,"column":32},"end":{"line":17,"column":33}},"loc":{"start":{"line":17,"column":43},"end":{"line":17,"column":59}},"line":17},"2":{"name":"(anonymous_2)","decl":{"start":{"line":50,"column":21},"end":{"line":50,"column":22}},"loc":{"start":{"line":50,"column":27},"end":{"line":53,"column":13}},"line":50}},"branchMap":{"0":{"loc":{"start":{"line":30,"column":25},"end":{"line":30,"column":74}},"type":"cond-expr","locations":[{"start":{"line":30,"column":40},"end":{"line":30,"column":55}},{"start":{"line":30,"column":58},"end":{"line":30,"column":74}}],"line":30},"1":{"loc":{"start":{"line":52,"column":14},"end":{"line":52,"column":78}},"type":"cond-expr","locations":[{"start":{"line":52,"column":36},"end":{"line":52,"column":56}},{"start":{"line":52,"column":59},"end":{"line":52,"column":78}}],"line":52}},"s":{"0":1,"1":5,"2":5,"3":5,"4":5,"5":9,"6":5,"7":5,"8":1},"f":{"0":5,"1":9,"2":1},"b":{"0":[5,0],"1":[1,0]},"_coverageSchema":"1a1c01bbd47fc00a2c39e90264f33305004495a9","hash":"851b207873a680c5d469da2609ca1056fab11afb"}
,"D:\\ReactProjects\\namaste-react\\Lecture 13 - Time for the test\\src\\components\\RestaurantCard.js": {"path":"D:\\ReactProjects\\namaste-react\\Lecture 13 - Time for the test\\src\\components\\RestaurantCard.js","statementMap":{"0":{"start":{"line":3,"column":23},"end":{"line":20,"column":1}},"1":{"start":{"line":4,"column":22},"end":{"line":4,"column":27}},"2":{"start":{"line":7,"column":4},"end":{"line":7,"column":11}},"3":{"start":{"line":9,"column":2},"end":{"line":19,"column":4}},"4":{"start":{"line":25,"column":33},"end":{"line":37,"column":1}},"5":{"start":{"line":26,"column":2},"end":{"line":36,"column":4}},"6":{"start":{"line":28,"column":4},"end":{"line":35,"column":6}}},"fnMap":{"0":{"name":"(anonymous_0)","decl":{"start":{"line":3,"column":23},"end":{"line":3,"column":24}},"loc":{"start":{"line":3,"column":34},"end":{"line":20,"column":1}},"line":3},"1":{"name":"(anonymous_1)","decl":{"start":{"line":25,"column":33},"end":{"line":25,"column":34}},"loc":{"start":{"line":25,"column":53},"end":{"line":37,"column":1}},"line":25},"2":{"name":"(anonymous_2)","decl":{"start":{"line":26,"column":9},"end":{"line":26,"column":10}},"loc":{"start":{"line":26,"column":20},"end":{"line":36,"column":3}},"line":26}},"branchMap":{},"s":{"0":1,"1":1,"2":1,"3":1,"4":1,"5":0,"6":0},"f":{"0":1,"1":0,"2":0},"b":{},"_coverageSchema":"1a1c01bbd47fc00a2c39e90264f33305004495a9","hash":"76f5bdd67edcc3d8db1a2a9e56437b7892f4d652"}
,"D:\\ReactProjects\\namaste-react\\Lecture 13 - Time for the test\\src\\components\\sum.js": {"path":"D:\\ReactProjects\\namaste-react\\Lecture 13 - Time for the test\\src\\components\\sum.js","statementMap":{"0":{"start":{"line":1,"column":19},"end":{"line":3,"column":1}},"1":{"start":{"line":2,"column":2},"end":{"line":2,"column":15}}},"fnMap":{"0":{"name":"(anonymous_0)","decl":{"start":{"line":1,"column":19},"end":{"line":1,"column":20}},"loc":{"start":{"line":1,"column":28},"end":{"line":3,"column":1}},"line":1}},"branchMap":{},"s":{"0":1,"1":1},"f":{"0":1},"b":{},"_coverageSchema":"1a1c01bbd47fc00a2c39e90264f33305004495a9","hash":"a27585239bd60838e428431e1d6fc65d2a39f960"}
,"D:\\ReactProjects\\namaste-react\\Lecture 13 - Time for the test\\src\\components\\utils\\UserContext.js": {"path":"D:\\ReactProjects\\namaste-react\\Lecture 13 - Time for the test\\src\\components\\utils\\UserContext.js","statementMap":{"0":{"start":{"line":3,"column":20},"end":{"line":5,"column":2}}},"fnMap":{},"branchMap":{},"s":{"0":1},"f":{},"b":{},"_coverageSchema":"1a1c01bbd47fc00a2c39e90264f33305004495a9","hash":"4dd1df7c752d8983df0e91bce7a903f28ee15548"}
,"D:\\ReactProjects\\namaste-react\\Lecture 13 - Time for the test\\src\\components\\utils\\appStore.js": {"path":"D:\\ReactProjects\\namaste-react\\Lecture 13 - Time for the test\\src\\components\\utils\\appStore.js","statementMap":{"0":{"start":{"line":4,"column":17},"end":{"line":8,"column":2}}},"fnMap":{},"branchMap":{},"s":{"0":1},"f":{},"b":{},"_coverageSchema":"1a1c01bbd47fc00a2c39e90264f33305004495a9","hash":"397e04b33cf630c0606d192b402800fb72ecaad7"}
,"D:\\ReactProjects\\namaste-react\\Lecture 13 - Time for the test\\src\\components\\utils\\cartSlice.js": {"path":"D:\\ReactProjects\\namaste-react\\Lecture 13 - Time for the test\\src\\components\\utils\\cartSlice.js","statementMap":{"0":{"start":{"line":3,"column":18},"end":{"line":22,"column":2}},"1":{"start":{"line":12,"column":6},"end":{"line":12,"column":39}},"2":{"start":{"line":15,"column":6},"end":{"line":15,"column":24}},"3":{"start":{"line":19,"column":6},"end":{"line":19,"column":27}},"4":{"start":{"line":24,"column":50},"end":{"line":24,"column":67}}},"fnMap":{"0":{"name":"(anonymous_0)","decl":{"start":{"line":9,"column":13},"end":{"line":9,"column":14}},"loc":{"start":{"line":9,"column":32},"end":{"line":13,"column":5}},"line":9},"1":{"name":"(anonymous_1)","decl":{"start":{"line":14,"column":16},"end":{"line":14,"column":17}},"loc":{"start":{"line":14,"column":27},"end":{"line":16,"column":5}},"line":14},"2":{"name":"(anonymous_2)","decl":{"start":{"line":17,"column":15},"end":{"line":17,"column":16}},"loc":{"start":{"line":17,"column":26},"end":{"line":20,"column":5}},"line":17}},"branchMap":{},"s":{"0":1,"1":0,"2":0,"3":0,"4":1},"f":{"0":0,"1":0,"2":0},"b":{},"_coverageSchema":"1a1c01bbd47fc00a2c39e90264f33305004495a9","hash":"4e74aa41e91d8ae3172e40114d79c0dd2338fc7e"}
,"D:\\ReactProjects\\namaste-react\\Lecture 13 - Time for the test\\src\\components\\utils\\constants.js": {"path":"D:\\ReactProjects\\namaste-react\\Lecture 13 - Time for the test\\src\\components\\utils\\constants.js","statementMap":{"0":{"start":{"line":2,"column":2},"end":{"line":2,"column":93}},"1":{"start":{"line":5,"column":2},"end":{"line":5,"column":108}},"2":{"start":{"line":8,"column":2},"end":{"line":8,"column":136}},"3":{"start":{"line":11,"column":2},"end":{"line":11,"column":121}}},"fnMap":{},"branchMap":{},"s":{"0":2,"1":2,"2":2,"3":2},"f":{},"b":{},"_coverageSchema":"1a1c01bbd47fc00a2c39e90264f33305004495a9","hash":"ba0cb8f66e323eb029e7c09c31da4acf2799df42"}
,"D:\\ReactProjects\\namaste-react\\Lecture 13 - Time for the test\\src\\components\\utils\\useOnlineStatus.js": {"path":"D:\\ReactProjects\\namaste-react\\Lecture 13 - Time for the test\\src\\components\\utils\\useOnlineStatus.js","statementMap":{"0":{"start":{"line":3,"column":24},"end":{"line":18,"column":1}},"1":{"start":{"line":4,"column":42},"end":{"line":4,"column":56}},"2":{"start":{"line":6,"column":2},"end":{"line":14,"column":9}},"3":{"start":{"line":7,"column":4},"end":{"line":9,"column":7}},"4":{"start":{"line":8,"column":6},"end":{"line":8,"column":29}},"5":{"start":{"line":11,"column":4},"end":{"line":13,"column":7}},"6":{"start":{"line":12,"column":6},"end":{"line":12,"column":28}},"7":{"start":{"line":17,"column":2},"end":{"line":17,"column":22}}},"fnMap":{"0":{"name":"(anonymous_0)","decl":{"start":{"line":3,"column":24},"end":{"line":3,"column":25}},"loc":{"start":{"line":3,"column":30},"end":{"line":18,"column":1}},"line":3},"1":{"name":"(anonymous_1)","decl":{"start":{"line":6,"column":12},"end":{"line":6,"column":13}},"loc":{"start":{"line":6,"column":18},"end":{"line":14,"column":3}},"line":6},"2":{"name":"(anonymous_2)","decl":{"start":{"line":7,"column":39},"end":{"line":7,"column":40}},"loc":{"start":{"line":7,"column":45},"end":{"line":9,"column":5}},"line":7},"3":{"name":"(anonymous_3)","decl":{"start":{"line":11,"column":38},"end":{"line":11,"column":39}},"loc":{"start":{"line":11,"column":44},"end":{"line":13,"column":5}},"line":11}},"branchMap":{},"s":{"0":1,"1":5,"2":5,"3":4,"4":0,"5":4,"6":0,"7":5},"f":{"0":5,"1":4,"2":0,"3":0},"b":{},"_coverageSchema":"1a1c01bbd47fc00a2c39e90264f33305004495a9","hash":"aec7fca6396b36674d1df49f61bd4bb5d9578ee5"}
}
