TN:
SF:src\components\Body.js
FN:10,(anonymous_0)
FN:19,(anonymous_1)
FN:23,(anonymous_2)
FN:56,(anonymous_3)
FN:62,(anonymous_4)
FN:63,(anonymous_5)
FN:78,(anonymous_6)
FN:80,(anonymous_7)
FN:100,(anonymous_8)
FNF:9
FNH:9
FNDA:7,(anonymous_0)
FNDA:2,(anonymous_1)
FNDA:2,(anonymous_2)
FNDA:1,(anonymous_3)
FNDA:1,(anonymous_4)
FNDA:9,(anonymous_5)
FNDA:1,(anonymous_6)
FNDA:9,(anonymous_7)
FNDA:32,(anonymous_8)
DA:10,1
DA:11,7
DA:12,7
DA:13,7
DA:15,7
DA:17,7
DA:19,7
DA:20,2
DA:23,7
DA:24,2
DA:25,2
DA:28,2
DA:31,2
DA:36,7
DA:37,7
DA:38,0
DA:43,7
DA:44,2
DA:47,5
DA:57,1
DA:63,1
DA:64,9
DA:68,1
DA:79,1
DA:80,9
DA:83,1
DA:101,32
LF:27
LH:26
BRDA:37,0,0,0
BRDA:37,0,1,7
BRDA:43,1,0,2
BRDA:43,1,1,5
BRDA:43,2,0,7
BRDA:43,2,1,7
BRDA:105,3,0,23
BRDA:105,3,1,9
BRF:8
BRH:7
end_of_record
TN:
SF:src\components\Cart.js
FN:5,(anonymous_0)
FN:6,(anonymous_1)
FN:8,(anonymous_2)
FNF:3
FNH:3
FNDA:4,(anonymous_0)
FNDA:8,(anonymous_1)
FNDA:1,(anonymous_2)
DA:5,1
DA:6,8
DA:7,4
DA:8,4
DA:9,1
DA:11,4
LF:6
LH:6
BRDA:21,0,0,4
BRDA:21,0,1,2
BRF:2
BRH:2
end_of_record
TN:
SF:src\components\Contact.js
FN:3,(anonymous_0)
FNF:1
FNH:1
FNDA:4,(anonymous_0)
DA:3,1
DA:4,4
LF:2
LH:2
BRF:0
BRH:0
end_of_record
TN:
SF:src\components\Header.js
FN:8,(anonymous_0)
FN:17,(anonymous_1)
FN:50,(anonymous_2)
FNF:3
FNH:2
FNDA:4,(anonymous_0)
FNDA:8,(anonymous_1)
FNDA:0,(anonymous_2)
DA:8,1
DA:9,4
DA:11,4
DA:13,4
DA:17,8
DA:18,4
DA:20,4
DA:52,0
LF:8
LH:7
BRDA:30,0,0,4
BRDA:30,0,1,0
BRDA:52,1,0,0
BRDA:52,1,1,0
BRF:4
BRH:1
end_of_record
TN:
SF:src\components\ItemList.js
FN:5,(anonymous_0)
FN:8,(anonymous_1)
FN:14,(anonymous_2)
FN:35,(anonymous_3)
FNF:4
FNH:4
FNDA:5,(anonymous_0)
FNDA:2,(anonymous_1)
FNDA:21,(anonymous_2)
FNDA:2,(anonymous_3)
DA:5,1
DA:6,5
DA:8,5
DA:10,2
DA:12,5
DA:15,21
DA:35,2
LF:7
LH:7
BRDA:25,0,0,21
BRDA:25,0,1,0
BRF:2
BRH:1
end_of_record
TN:
SF:src\components\RestaurantCard.js
FN:3,(anonymous_0)
FN:25,(anonymous_1)
FN:26,(anonymous_2)
FNF:3
FNH:3
FNDA:33,(anonymous_0)
FNDA:7,(anonymous_1)
FNDA:23,(anonymous_2)
DA:3,2
DA:4,33
DA:7,33
DA:9,33
DA:25,2
DA:26,7
DA:28,23
LF:7
LH:7
BRF:0
BRH:0
end_of_record
TN:
SF:src\components\RestaurantMenu.js
FN:7,(anonymous_0)
FN:22,(anonymous_1)
FN:33,(anonymous_2)
FN:38,(anonymous_3)
FNF:4
FNH:4
FNDA:3,(anonymous_0)
FNDA:24,(anonymous_1)
FNDA:16,(anonymous_2)
FNDA:1,(anonymous_3)
DA:7,1
DA:8,3
DA:10,3
DA:11,3
DA:12,3
DA:15,2
DA:18,2
DA:21,2
DA:23,24
DA:27,2
DA:34,16
DA:38,1
LF:12
LH:12
BRDA:12,0,0,1
BRDA:12,0,1,2
BRDA:37,1,0,1
BRDA:37,1,1,15
BRDA:38,2,0,0
BRDA:38,2,1,1
BRF:6
BRH:5
end_of_record
TN:
SF:src\components\utils\appStore.js
FNF:0
FNH:0
DA:4,1
LF:1
LH:1
BRF:0
BRH:0
end_of_record
